<?xml version="1.0" encoding="UTF-8"?>
<!-- Generated by org.testng.reporters.JUnitXMLReporter -->
<testsuite hostname="DESKTOP-V123S32" ignored="0" name="CucumberProjectTestngRunner" tests="3" failures="0" timestamp="07 May 2020 01:45:15 GMT" time="50.057" errors="0">
  <testcase name="runScenario" time="30.626" classname="cucumber.api.testng.AbstractTestNGCucumberTests"/>
  <testcase name="runScenario" time="19.071" classname="cucumber.api.testng.AbstractTestNGCucumberTests"/>
  <testcase name="runScenario" time="0.026" classname="cucumber.api.testng.AbstractTestNGCucumberTests">
    <skipped/>
  </testcase> <!-- runScenario -->
</testsuite> <!-- CucumberProjectTestngRunner -->
